0 info it worked if it ends with ok
1 verbose cli [ 'node', '/usr/local/bin/npm', 'owner', 'ls', 'mywebapp' ]
2 info using npm@2.7.3
3 info using node@v0.10.36
4 silly mapToRegistry name mywebapp
5 silly mapToRegistry using default registry
6 silly mapToRegistry registry https://registry.npmjs.org/
7 silly mapToRegistry uri https://registry.npmjs.org/mywebapp
8 verbose request uri https://registry.npmjs.org/mywebapp
9 verbose request no auth needed
10 info attempt registry request try #1 at 15:14:02
11 verbose request id 80b3fade8f67ad01
12 http request GET https://registry.npmjs.org/mywebapp
13 http 404 https://registry.npmjs.org/mywebapp
14 verbose headers { date: 'Fri, 17 Apr 2015 22:14:03 GMT',
14 verbose headers   server: 'CouchDB/1.5.0 (Erlang OTP/R16B03)',
14 verbose headers   'content-type': 'application/json',
14 verbose headers   'cache-control': 'max-age=0',
14 verbose headers   'content-length': '51',
14 verbose headers   'accept-ranges': 'bytes',
14 verbose headers   via: '1.1 varnish',
14 verbose headers   age: '0',
14 verbose headers   'x-served-by': 'cache-sjc3125-SJC',
14 verbose headers   'x-cache': 'MISS',
14 verbose headers   'x-cache-hits': '0',
14 verbose headers   'x-timer': 'S1429308842.862185,VS0,VE156',
14 verbose headers   'keep-alive': 'timeout=10, max=50',
14 verbose headers   connection: 'Keep-Alive' }
15 silly get cb [ 404,
15 silly get   { date: 'Fri, 17 Apr 2015 22:14:03 GMT',
15 silly get     server: 'CouchDB/1.5.0 (Erlang OTP/R16B03)',
15 silly get     'content-type': 'application/json',
15 silly get     'cache-control': 'max-age=0',
15 silly get     'content-length': '51',
15 silly get     'accept-ranges': 'bytes',
15 silly get     via: '1.1 varnish',
15 silly get     age: '0',
15 silly get     'x-served-by': 'cache-sjc3125-SJC',
15 silly get     'x-cache': 'MISS',
15 silly get     'x-cache-hits': '0',
15 silly get     'x-timer': 'S1429308842.862185,VS0,VE156',
15 silly get     'keep-alive': 'timeout=10, max=50',
15 silly get     connection: 'Keep-Alive' } ]
16 error owner ls Couldn't get owner data mywebapp
17 verbose stack Error: 404 Not Found: mywebapp
17 verbose stack     at CachingRegistryClient.<anonymous> (/usr/local/lib/node_modules/npm/node_modules/npm-registry-client/lib/request.js:251:14)
17 verbose stack     at Request._callback (/usr/local/lib/node_modules/npm/node_modules/npm-registry-client/lib/request.js:178:14)
17 verbose stack     at Request.self.callback (/usr/local/lib/node_modules/npm/node_modules/request/request.js:344:22)
17 verbose stack     at Request.emit (events.js:98:17)
17 verbose stack     at Request.<anonymous> (/usr/local/lib/node_modules/npm/node_modules/request/request.js:1239:14)
17 verbose stack     at Request.emit (events.js:117:20)
17 verbose stack     at IncomingMessage.<anonymous> (/usr/local/lib/node_modules/npm/node_modules/request/request.js:1187:12)
17 verbose stack     at IncomingMessage.emit (events.js:117:20)
17 verbose stack     at _stream_readable.js:944:16
17 verbose stack     at process._tickCallback (node.js:442:13)
18 verbose statusCode 404
19 verbose pkgid mywebapp
20 verbose cwd /Users/maxkuang/Desktop/assignment
21 error Darwin 14.1.0
22 error argv "node" "/usr/local/bin/npm" "owner" "ls" "mywebapp"
23 error node v0.10.36
24 error npm  v2.7.3
25 error code E404
26 error 404 Not Found: mywebapp
26 error 404
26 error 404 'mywebapp' is not in the npm registry.
26 error 404 You should bug the author to publish it (or use the name yourself!)
26 error 404
26 error 404 Note that you can also install from a
26 error 404 tarball, folder, http url, or git url.
27 verbose exit [ 1, true ]
